[Mon Mar 22 22:02:48.505 2010] 0.000 sec [scan/2/rel 0 (0,20)] [performer_core]
[Mon Mar 22 22:02:48.536 2010] 0.000 sec [scan/2/rel 0 (0,20)] [show_core]
[Mon Mar 22 22:02:48.550 2010] 0.000 sec [scan/2/rel 0 (0,20)] [performer_core]
[Mon Mar 22 22:02:48.560 2010] 0.000 sec [scan/2/rel 0 (0,20)] [show_core]
[Mon Mar 22 22:02:48.575 2010] 0.000 sec [scan/2/rel 0 (0,20)] [performer_core]
[Mon Mar 22 22:02:48.584 2010] 0.000 sec [scan/2/rel 0 (0,20)] [show_core]
[Mon Mar 22 22:02:48.599 2010] 0.000 sec [scan/2/rel 0 (0,20)] [performer_core]
[Mon Mar 22 22:02:48.609 2010] 0.000 sec [scan/2/rel 0 (0,20)] [show_core]
[Mon Mar 22 22:02:48.624 2010] 0.000 sec [scan/2/rel 0 (0,20)] [performer_core]
[Mon Mar 22 22:02:48.634 2010] 0.000 sec [scan/2/rel 0 (0,20)] [show_core]
[Mon Mar 22 22:02:48.642 2010] 0.000 sec [scan/2/rel 0 (0,20)] [show_core]
[Mon Mar 22 22:02:48.656 2010] 0.000 sec [scan/2/rel 0 (0,20)] [performer_core]
[Mon Mar 22 22:02:48.668 2010] 0.000 sec [scan/2/rel 0 (0,20)] [show_core]
[Mon Mar 22 22:02:48.681 2010] 0.000 sec [scan/2/rel 0 (0,20)] [performer_core]
[Mon Mar 22 22:02:48.691 2010] 0.000 sec [scan/2/rel 0 (0,20)] [show_core]
[Mon Mar 22 22:02:48.704 2010] 0.000 sec [scan/2/rel 0 (0,20)] [performer_core]
[Mon Mar 22 22:02:48.714 2010] 0.000 sec [scan/2/rel 0 (0,20)] [show_core]
[Mon Mar 22 22:02:48.728 2010] 0.000 sec [scan/2/rel 0 (0,20)] [performer_core]
[Mon Mar 22 22:02:48.859 2010] 0.000 sec [scan/2/rel 0 (0,20)] [show_core]
[Mon Mar 22 22:02:48.873 2010] 0.000 sec [scan/2/rel 0 (0,20)] [performer_core]
[Mon Mar 22 22:02:48.884 2010] 0.000 sec [scan/2/rel 0 (0,20)] [show_core]
[Mon Mar 22 22:02:48.899 2010] 0.000 sec [scan/2/rel 0 (0,20)] [performer_core]
[Mon Mar 22 22:02:48.909 2010] 0.000 sec [scan/2/rel 0 (0,20)] [show_core]
[Mon Mar 22 22:02:48.924 2010] 0.000 sec [scan/2/rel 0 (0,20)] [performer_core]
[Mon Mar 22 22:02:48.935 2010] 0.000 sec [scan/2/rel 0 (0,20)] [show_core]
[Mon Mar 22 22:02:48.943 2010] 0.000 sec [scan/2/rel 0 (0,20)] [show_core]
[Mon Mar 22 22:02:48.956 2010] 0.000 sec [scan/2/rel 0 (0,20)] [performer_core]
[Mon Mar 22 22:02:48.966 2010] 0.000 sec [scan/2/rel 0 (0,20)] [show_core]
[Mon Mar 22 22:02:48.979 2010] 0.000 sec [scan/2/rel 0 (0,20)] [performer_core]
[Mon Mar 22 22:02:48.988 2010] 0.000 sec [scan/2/rel 0 (0,20)] [show_core]
[Mon Mar 22 22:02:49.001 2010] 0.000 sec [scan/2/rel 0 (0,20)] [performer_core]
[Mon Mar 22 22:02:49.011 2010] 0.000 sec [scan/2/rel 0 (0,20)] [show_core]
[Mon Mar 22 22:02:49.024 2010] 0.000 sec [scan/2/rel 0 (0,20)] [performer_core]
[Mon Mar 22 22:02:49.035 2010] 0.000 sec [scan/2/rel 0 (0,20)] [show_core]
[Mon Mar 22 22:02:49.048 2010] 0.000 sec [scan/2/rel 0 (0,20)] [performer_core]
[Mon Mar 22 22:02:49.059 2010] 0.000 sec [scan/2/rel 0 (0,20)] [show_core]
[Mon Mar 22 22:02:49.071 2010] 0.000 sec [scan/2/rel 0 (0,20)] [performer_core]
[Mon Mar 22 22:02:49.081 2010] 0.000 sec [scan/2/rel 0 (0,20)] [show_core]
[Mon Mar 22 22:02:58.780 2010] 0.000 sec [scan/2/rel 0 (0,20)] [performer_core]
[Mon Mar 22 22:02:58.789 2010] 0.000 sec [scan/2/rel 0 (0,20)] [show_core]
[Mon Mar 22 22:02:58.803 2010] 0.000 sec [scan/2/rel 0 (0,20)] [performer_core]
[Mon Mar 22 22:02:58.813 2010] 0.000 sec [scan/2/rel 0 (0,20)] [show_core]
[Mon Mar 22 22:02:58.828 2010] 0.002 sec [scan/2/rel 0 (0,20)] [performer_core]
[Mon Mar 22 22:02:58.838 2010] 0.000 sec [scan/2/rel 0 (0,20)] [show_core]
[Mon Mar 22 22:02:58.856 2010] 0.000 sec [scan/2/rel 0 (0,20)] [performer_core]
[Mon Mar 22 22:02:58.866 2010] 0.000 sec [scan/2/rel 0 (0,20)] [show_core]
[Mon Mar 22 22:02:58.878 2010] 0.000 sec [scan/2/rel 0 (0,20)] [performer_core]
[Mon Mar 22 22:02:58.889 2010] 0.000 sec [scan/2/rel 0 (0,20)] [show_core]
[Mon Mar 22 22:02:58.903 2010] 0.000 sec [scan/2/rel 0 (0,20)] [performer_core]
[Mon Mar 22 22:02:58.912 2010] 0.000 sec [scan/2/rel 0 (0,20)] [show_core]
[Mon Mar 22 22:02:58.926 2010] 0.000 sec [scan/2/rel 0 (0,20)] [performer_core]
[Mon Mar 22 22:02:58.936 2010] 0.000 sec [scan/2/rel 0 (0,20)] [show_core]
[Mon Mar 22 22:02:58.950 2010] 0.000 sec [scan/2/rel 0 (0,20)] [performer_core]
[Mon Mar 22 22:02:58.962 2010] 0.000 sec [scan/2/rel 0 (0,20)] [show_core]
[Mon Mar 22 22:03:09.001 2010] 0.000 sec [scan/2/rel 0 (0,20)] [performer_core]
[Mon Mar 22 22:03:09.011 2010] 0.000 sec [scan/2/rel 0 (0,20)] [show_core]
[Mon Mar 22 22:03:09.026 2010] 0.000 sec [scan/2/rel 0 (0,20)] [performer_core]
[Mon Mar 22 22:03:09.036 2010] 0.000 sec [scan/2/rel 0 (0,20)] [show_core]
[Mon Mar 22 22:03:09.049 2010] 0.000 sec [scan/2/rel 0 (0,20)] [performer_core]
[Mon Mar 22 22:03:09.059 2010] 0.000 sec [scan/2/rel 0 (0,20)] [show_core]
[Mon Mar 22 22:03:09.071 2010] 0.000 sec [scan/2/rel 0 (0,20)] [performer_core]
[Mon Mar 22 22:03:09.081 2010] 0.000 sec [scan/2/rel 0 (0,20)] [show_core]
[Mon Mar 22 22:03:09.095 2010] 0.000 sec [scan/2/rel 0 (0,20)] [performer_core]
[Mon Mar 22 22:03:09.104 2010] 0.000 sec [scan/2/rel 0 (0,20)] [show_core]
[Mon Mar 22 22:03:09.118 2010] 0.000 sec [scan/2/rel 0 (0,20)] [performer_core]
[Mon Mar 22 22:03:09.128 2010] 0.000 sec [scan/2/rel 0 (0,20)] [show_core]
[Mon Mar 22 22:03:09.140 2010] 0.000 sec [scan/2/rel 0 (0,20)] [performer_core]
[Mon Mar 22 22:03:09.152 2010] 0.000 sec [scan/2/rel 0 (0,20)] [show_core]
[Mon Mar 22 22:03:09.165 2010] 0.000 sec [scan/2/rel 0 (0,20)] [performer_core]
[Mon Mar 22 22:03:09.175 2010] 0.000 sec [scan/2/rel 0 (0,20)] [show_core]
[Mon Mar 22 22:03:09.187 2010] 0.000 sec [scan/2/rel 0 (0,20)] [performer_core]
[Mon Mar 22 22:03:09.198 2010] 0.000 sec [scan/2/rel 0 (0,20)] [show_core]
[Mon Mar 22 22:03:09.205 2010] 0.000 sec [scan/2/rel 0 (0,20)] [show_core]
[Mon Mar 22 22:03:09.213 2010] 0.000 sec [scan/2/rel 0 (0,20)] [show_core]
[Mon Mar 22 22:03:09.222 2010] 0.000 sec [scan/2/rel 0 (0,20)] [show_core]
[Mon Mar 22 22:03:09.229 2010] 0.000 sec [scan/2/rel 0 (0,20)] [show_core]
[Mon Mar 22 22:03:09.242 2010] 0.000 sec [scan/2/rel 0 (0,20)] [performer_core]
[Mon Mar 22 22:03:09.251 2010] 0.000 sec [scan/2/rel 0 (0,20)] [show_core]
[Mon Mar 22 22:03:09.263 2010] 0.000 sec [scan/2/rel 0 (0,20)] [performer_core]
[Mon Mar 22 22:03:09.274 2010] 0.000 sec [scan/2/rel 0 (0,20)] [show_core]
[Mon Mar 22 22:03:09.286 2010] 0.000 sec [scan/2/rel 0 (0,20)] [performer_core]
[Mon Mar 22 22:03:09.298 2010] 0.000 sec [scan/2/rel 0 (0,20)] [show_core]
[Mon Mar 22 22:03:09.311 2010] 0.000 sec [scan/2/rel 0 (0,20)] [performer_core]
[Mon Mar 22 22:03:09.322 2010] 0.000 sec [scan/2/rel 0 (0,20)] [show_core]
[Mon Mar 22 22:03:09.334 2010] 0.000 sec [scan/2/rel 0 (0,20)] [performer_core]
[Mon Mar 22 22:03:09.344 2010] 0.000 sec [scan/2/rel 0 (0,20)] [show_core]
[Mon Mar 22 22:03:09.356 2010] 0.000 sec [scan/2/rel 0 (0,20)] [performer_core]
[Mon Mar 22 22:03:09.368 2010] 0.000 sec [scan/2/rel 0 (0,20)] [show_core]
[Mon Mar 22 22:03:18.312 2010] 0.000 sec [scan/2/rel 0 (0,20)] [show_core]
[Mon Mar 22 22:03:18.329 2010] 0.000 sec [scan/2/rel 0 (0,20)] [performer_core]
[Mon Mar 22 22:03:18.338 2010] 0.000 sec [scan/2/rel 0 (0,20)] [show_core]
[Mon Mar 22 22:03:18.698 2010] 0.000 sec [scan/2/rel 0 (0,20)] [show_core]
[Mon Mar 22 22:03:18.715 2010] 0.000 sec [scan/2/rel 0 (0,20)] [show_core]
[Mon Mar 22 22:03:18.741 2010] 0.000 sec [scan/2/rel 0 (0,20)] [performer_core]
[Mon Mar 22 22:03:18.775 2010] 0.000 sec [scan/2/rel 0 (0,20)] [show_core]
[Mon Mar 22 22:03:18.790 2010] 0.000 sec [scan/2/rel 0 (0,20)] [show_core]
[Mon Mar 22 22:03:18.840 2010] 0.000 sec [scan/2/rel 0 (0,20)] [performer_core]
[Mon Mar 22 22:03:18.854 2010] 0.000 sec [scan/2/rel 0 (0,20)] [show_core]
[Mon Mar 22 22:03:18.881 2010] 0.001 sec [scan/2/rel 0 (0,20)] [performer_core]
[Mon Mar 22 22:03:18.895 2010] 0.002 sec [scan/2/rel 0 (0,20)] [show_core]
[Mon Mar 22 22:03:18.904 2010] 0.001 sec [scan/2/rel 0 (0,20)] [show_core]
[Mon Mar 22 22:03:18.920 2010] 0.000 sec [scan/2/rel 0 (0,20)] [performer_core]
[Mon Mar 22 22:03:18.935 2010] 0.000 sec [scan/2/rel 0 (0,20)] [show_core]
[Mon Mar 22 22:03:18.949 2010] 0.000 sec [scan/2/rel 0 (0,20)] [performer_core]
[Mon Mar 22 22:03:18.960 2010] 0.000 sec [scan/2/rel 0 (0,20)] [show_core]
[Mon Mar 22 22:03:18.974 2010] 0.000 sec [scan/2/rel 0 (0,20)] [performer_core]
[Mon Mar 22 22:03:18.984 2010] 0.000 sec [scan/2/rel 0 (0,20)] [show_core]
[Mon Mar 22 22:03:19.009 2010] 0.002 sec [scan/2/rel 0 (0,20)] [performer_core]
[Mon Mar 22 22:03:19.024 2010] 0.000 sec [scan/2/rel 0 (0,20)] [show_core]
[Mon Mar 22 22:03:19.040 2010] 0.000 sec [scan/2/rel 0 (0,20)] [performer_core]
[Mon Mar 22 22:03:19.053 2010] 0.000 sec [scan/2/rel 0 (0,20)] [show_core]
[Mon Mar 22 22:03:19.063 2010] 0.000 sec [scan/2/rel 0 (0,20)] [show_core]
[Mon Mar 22 22:03:19.079 2010] 0.000 sec [scan/2/rel 0 (0,20)] [performer_core]
[Mon Mar 22 22:03:19.090 2010] 0.000 sec [scan/2/rel 0 (0,20)] [show_core]
[Mon Mar 22 22:03:19.100 2010] 0.000 sec [scan/2/rel 0 (0,20)] [show_core]
[Mon Mar 22 22:03:19.114 2010] 0.000 sec [scan/2/rel 0 (0,20)] [performer_core]
[Mon Mar 22 22:03:19.137 2010] 0.000 sec [scan/2/rel 0 (0,20)] [show_core]
[Mon Mar 22 22:03:19.147 2010] 0.000 sec [scan/2/rel 0 (0,20)] [show_core]
[Mon Mar 22 22:03:19.161 2010] 0.000 sec [scan/2/rel 0 (0,20)] [performer_core]
[Mon Mar 22 22:03:19.175 2010] 0.000 sec [scan/2/rel 0 (0,20)] [show_core]
[Mon Mar 22 22:03:44.315 2010] 0.000 sec [scan/2/rel 0 (0,20)] [show_core]
[Mon Mar 22 22:03:44.329 2010] 0.000 sec [scan/2/rel 0 (0,20)] [performer_core]
[Mon Mar 22 22:03:44.339 2010] 0.000 sec [scan/2/rel 0 (0,20)] [show_core]
[Mon Mar 22 22:03:44.347 2010] 0.000 sec [scan/2/rel 0 (0,20)] [show_core]
[Mon Mar 22 22:03:44.355 2010] 0.000 sec [scan/2/rel 0 (0,20)] [show_core]
[Mon Mar 22 22:03:44.368 2010] 0.000 sec [scan/2/rel 0 (0,20)] [performer_core]
[Mon Mar 22 22:03:44.378 2010] 0.000 sec [scan/2/rel 0 (0,20)] [show_core]
[Mon Mar 22 22:03:44.391 2010] 0.000 sec [scan/2/rel 0 (0,20)] [performer_core]
[Mon Mar 22 22:03:44.401 2010] 0.000 sec [scan/2/rel 0 (0,20)] [show_core]
[Mon Mar 22 22:03:44.410 2010] 0.000 sec [scan/2/rel 0 (0,20)] [show_core]
[Mon Mar 22 22:03:44.418 2010] 0.000 sec [scan/2/rel 0 (0,20)] [show_core]
[Mon Mar 22 22:03:44.426 2010] 0.000 sec [scan/2/rel 0 (0,20)] [show_core]
[Mon Mar 22 22:03:44.435 2010] 0.000 sec [scan/2/rel 0 (0,20)] [show_core]
[Mon Mar 22 22:03:44.444 2010] 0.000 sec [scan/2/rel 0 (0,20)] [show_core]
[Mon Mar 22 22:03:44.458 2010] 0.000 sec [scan/2/rel 0 (0,20)] [performer_core]
[Mon Mar 22 22:03:44.467 2010] 0.000 sec [scan/2/rel 0 (0,20)] [show_core]
[Mon Mar 22 22:03:44.475 2010] 0.000 sec [scan/2/rel 0 (0,20)] [show_core]
[Mon Mar 22 22:03:44.490 2010] 0.000 sec [scan/2/rel 0 (0,20)] [performer_core]
[Mon Mar 22 22:03:44.628 2010] 0.000 sec [scan/2/rel 0 (0,20)] [show_core]
[Mon Mar 22 22:03:57.159 2010] 0.000 sec [scan/2/rel 0 (0,20)] [performer_core]
[Mon Mar 22 22:03:57.168 2010] 0.000 sec [scan/2/rel 0 (0,20)] [show_core]
[Mon Mar 22 22:03:57.179 2010] 0.000 sec [scan/2/rel 0 (0,20)] [show_core]
[Mon Mar 22 22:03:57.192 2010] 0.000 sec [scan/2/rel 0 (0,20)] [performer_core]
[Mon Mar 22 22:03:57.205 2010] 0.000 sec [scan/2/rel 0 (0,20)] [show_core]
[Mon Mar 22 22:03:57.218 2010] 0.000 sec [scan/2/rel 0 (0,20)] [performer_core]
[Mon Mar 22 22:03:57.228 2010] 0.000 sec [scan/2/rel 0 (0,20)] [show_core]
[Mon Mar 22 22:03:57.235 2010] 0.000 sec [scan/2/rel 0 (0,20)] [show_core]
[Mon Mar 22 22:03:57.243 2010] 0.000 sec [scan/2/rel 0 (0,20)] [show_core]
[Mon Mar 22 22:03:57.255 2010] 0.000 sec [scan/2/rel 0 (0,20)] [performer_core]
[Mon Mar 22 22:03:57.265 2010] 0.000 sec [scan/2/rel 0 (0,20)] [show_core]
[Mon Mar 22 22:04:12.041 2010] 0.000 sec [scan/2/rel 0 (0,20)] [performer_core]
[Mon Mar 22 22:04:12.050 2010] 0.000 sec [scan/2/rel 0 (0,20)] [show_core]
[Mon Mar 22 22:04:12.064 2010] 0.000 sec [scan/2/rel 0 (0,20)] [performer_core]
[Mon Mar 22 22:04:12.074 2010] 0.000 sec [scan/2/rel 0 (0,20)] [show_core]
[Mon Mar 22 22:04:12.086 2010] 0.000 sec [scan/2/rel 0 (0,20)] [performer_core]
[Mon Mar 22 22:04:12.099 2010] 0.000 sec [scan/2/rel 0 (0,20)] [show_core]
[Mon Mar 22 22:04:12.111 2010] 0.000 sec [scan/2/rel 0 (0,20)] [performer_core]
[Mon Mar 22 22:04:12.122 2010] 0.000 sec [scan/2/rel 0 (0,20)] [show_core]
[Mon Mar 22 22:04:12.135 2010] 0.000 sec [scan/2/rel 0 (0,20)] [performer_core]
[Mon Mar 22 22:04:12.147 2010] 0.000 sec [scan/2/rel 0 (0,20)] [show_core]
[Mon Mar 22 22:04:12.160 2010] 0.000 sec [scan/2/rel 0 (0,20)] [performer_core]
[Mon Mar 22 22:04:12.171 2010] 0.000 sec [scan/2/rel 0 (0,20)] [show_core]
[Mon Mar 22 22:04:12.183 2010] 0.000 sec [scan/2/rel 0 (0,20)] [performer_core]
[Mon Mar 22 22:04:12.193 2010] 0.000 sec [scan/2/rel 0 (0,20)] [show_core]
[Mon Mar 22 22:04:12.200 2010] 0.000 sec [scan/2/rel 0 (0,20)] [show_core]
[Mon Mar 22 22:04:12.215 2010] 0.000 sec [scan/2/rel 0 (0,20)] [performer_core]
[Mon Mar 22 22:04:12.226 2010] 0.000 sec [scan/2/rel 0 (0,20)] [show_core]
[Mon Mar 22 22:04:12.241 2010] 0.000 sec [scan/2/rel 0 (0,20)] [performer_core]
[Mon Mar 22 22:04:12.251 2010] 0.000 sec [scan/2/rel 0 (0,20)] [show_core]
[Mon Mar 22 22:04:12.259 2010] 0.000 sec [scan/2/rel 0 (0,20)] [show_core]
[Mon Mar 22 22:04:12.401 2010] 0.000 sec [scan/2/rel 0 (0,20)] [performer_core]
[Mon Mar 22 22:04:12.411 2010] 0.000 sec [scan/2/rel 0 (0,20)] [show_core]
[Mon Mar 22 22:04:12.427 2010] 0.000 sec [scan/2/rel 0 (0,20)] [performer_core]
[Mon Mar 22 22:04:12.438 2010] 0.000 sec [scan/2/rel 0 (0,20)] [show_core]
[Mon Mar 22 22:04:12.453 2010] 0.000 sec [scan/2/rel 0 (0,20)] [performer_core]
[Mon Mar 22 22:04:12.464 2010] 0.000 sec [scan/2/rel 0 (0,20)] [show_core]
[Mon Mar 22 22:04:12.479 2010] 0.001 sec [scan/2/rel 0 (0,20)] [performer_core]
[Mon Mar 22 22:04:12.489 2010] 0.000 sec [scan/2/rel 0 (0,20)] [show_core]
[Mon Mar 22 22:04:12.498 2010] 0.000 sec [scan/2/rel 0 (0,20)] [show_core]
[Mon Mar 22 22:04:12.512 2010] 0.000 sec [scan/2/rel 0 (0,20)] [performer_core]
[Mon Mar 22 22:04:12.523 2010] 0.000 sec [scan/2/rel 0 (0,20)] [show_core]
[Mon Mar 22 22:04:12.539 2010] 0.000 sec [scan/2/rel 0 (0,20)] [performer_core]
[Mon Mar 22 22:04:12.550 2010] 0.000 sec [scan/2/rel 0 (0,20)] [show_core]
[Mon Mar 22 22:04:12.566 2010] 0.000 sec [scan/2/rel 0 (0,20)] [performer_core]
[Mon Mar 22 22:04:12.577 2010] 0.000 sec [scan/2/rel 0 (0,20)] [show_core]
[Mon Mar 22 22:04:12.590 2010] 0.000 sec [scan/2/rel 0 (0,20)] [performer_core]
[Mon Mar 22 22:04:12.603 2010] 0.000 sec [scan/2/rel 0 (0,20)] [show_core]
[Mon Mar 22 22:04:18.665 2010] 0.000 sec [scan/2/rel 0 (0,20)] [performer_core]
[Mon Mar 22 22:04:18.676 2010] 0.000 sec [scan/2/rel 0 (0,20)] [show_core]
[Mon Mar 22 22:04:18.691 2010] 0.000 sec [scan/2/rel 0 (0,20)] [performer_core]
[Mon Mar 22 22:04:18.701 2010] 0.000 sec [scan/2/rel 0 (0,20)] [show_core]
[Mon Mar 22 22:04:18.714 2010] 0.000 sec [scan/2/rel 0 (0,20)] [performer_core]
[Mon Mar 22 22:04:18.725 2010] 0.000 sec [scan/2/rel 0 (0,20)] [show_core]
[Mon Mar 22 22:04:18.738 2010] 0.000 sec [scan/2/rel 0 (0,20)] [performer_core]
[Mon Mar 22 22:04:18.748 2010] 0.000 sec [scan/2/rel 0 (0,20)] [show_core]
[Mon Mar 22 22:04:18.762 2010] 0.000 sec [scan/2/rel 0 (0,20)] [performer_core]
[Mon Mar 22 22:04:18.772 2010] 0.000 sec [scan/2/rel 0 (0,20)] [show_core]
[Mon Mar 22 22:04:18.787 2010] 0.000 sec [scan/2/rel 0 (0,20)] [performer_core]
[Mon Mar 22 22:04:18.798 2010] 0.000 sec [scan/2/rel 0 (0,20)] [show_core]
[Mon Mar 22 22:04:18.810 2010] 0.000 sec [scan/2/rel 0 (0,20)] [performer_core]
[Mon Mar 22 22:04:18.820 2010] 0.000 sec [scan/2/rel 0 (0,20)] [show_core]
[Mon Mar 22 22:04:18.834 2010] 0.000 sec [scan/2/rel 0 (0,20)] [performer_core]
[Mon Mar 22 22:04:18.843 2010] 0.000 sec [scan/2/rel 0 (0,20)] [show_core]
[Mon Mar 22 22:04:33.937 2010] 0.000 sec [scan/2/rel 0 (0,20)] [performer_core]
[Mon Mar 22 22:04:33.946 2010] 0.000 sec [scan/2/rel 0 (0,20)] [show_core]
[Mon Mar 22 22:04:33.960 2010] 0.000 sec [scan/2/rel 0 (0,20)] [performer_core]
[Mon Mar 22 22:04:33.969 2010] 0.000 sec [scan/2/rel 0 (0,20)] [show_core]
[Mon Mar 22 22:04:33.983 2010] 0.000 sec [scan/2/rel 0 (0,20)] [performer_core]
[Mon Mar 22 22:04:33.993 2010] 0.000 sec [scan/2/rel 0 (0,20)] [show_core]
[Mon Mar 22 22:04:34.006 2010] 0.000 sec [scan/2/rel 0 (0,20)] [performer_core]
[Mon Mar 22 22:04:34.019 2010] 0.000 sec [scan/2/rel 0 (0,20)] [show_core]
[Mon Mar 22 22:04:34.032 2010] 0.000 sec [scan/2/rel 0 (0,20)] [performer_core]
[Mon Mar 22 22:04:34.042 2010] 0.000 sec [scan/2/rel 0 (0,20)] [show_core]
[Mon Mar 22 22:04:34.055 2010] 0.000 sec [scan/2/rel 0 (0,20)] [performer_core]
[Mon Mar 22 22:04:34.065 2010] 0.000 sec [scan/2/rel 0 (0,20)] [show_core]
[Mon Mar 22 22:04:34.077 2010] 0.000 sec [scan/2/rel 0 (0,20)] [performer_core]
[Mon Mar 22 22:04:34.087 2010] 0.000 sec [scan/2/rel 0 (0,20)] [show_core]
[Mon Mar 22 22:04:34.099 2010] 0.000 sec [scan/2/rel 0 (0,20)] [performer_core]
[Mon Mar 22 22:04:34.108 2010] 0.000 sec [scan/2/rel 0 (0,20)] [show_core]
[Mon Mar 22 22:04:34.121 2010] 0.000 sec [scan/2/rel 0 (0,20)] [performer_core]
[Mon Mar 22 22:04:34.131 2010] 0.000 sec [scan/2/rel 0 (0,20)] [show_core]
[Mon Mar 22 22:04:34.146 2010] 0.000 sec [scan/2/rel 0 (0,20)] [performer_core]
[Mon Mar 22 22:04:34.156 2010] 0.000 sec [scan/2/rel 0 (0,20)] [show_core]
[Mon Mar 22 22:04:34.164 2010] 0.000 sec [scan/2/rel 0 (0,20)] [show_core]
[Mon Mar 22 22:04:34.172 2010] 0.000 sec [scan/2/rel 0 (0,20)] [show_core]
[Mon Mar 22 22:04:34.185 2010] 0.000 sec [scan/2/rel 0 (0,20)] [performer_core]
[Mon Mar 22 22:04:34.195 2010] 0.000 sec [scan/2/rel 0 (0,20)] [show_core]
[Mon Mar 22 22:04:34.202 2010] 0.000 sec [scan/2/rel 0 (0,20)] [show_core]
[Mon Mar 22 22:04:34.215 2010] 0.000 sec [scan/2/rel 0 (0,20)] [performer_core]
[Mon Mar 22 22:04:34.225 2010] 0.000 sec [scan/2/rel 0 (0,20)] [show_core]
[Mon Mar 22 22:04:34.238 2010] 0.000 sec [scan/2/rel 0 (0,20)] [performer_core]
[Mon Mar 22 22:04:34.248 2010] 0.000 sec [scan/2/rel 0 (0,20)] [show_core]
[Mon Mar 22 22:04:34.261 2010] 0.000 sec [scan/2/rel 0 (0,20)] [performer_core]
[Mon Mar 22 22:04:34.273 2010] 0.000 sec [scan/2/rel 0 (0,20)] [show_core]
[Mon Mar 22 22:04:34.286 2010] 0.000 sec [scan/2/rel 0 (0,20)] [performer_core]
[Mon Mar 22 22:04:34.296 2010] 0.000 sec [scan/2/rel 0 (0,20)] [show_core]
[Mon Mar 22 22:04:34.309 2010] 0.000 sec [scan/2/rel 0 (0,20)] [performer_core]
[Mon Mar 22 22:04:34.320 2010] 0.000 sec [scan/2/rel 0 (0,20)] [show_core]
[Mon Mar 22 22:04:34.328 2010] 0.000 sec [scan/2/rel 0 (0,20)] [show_core]
[Mon Mar 22 22:05:09.906 2010] 0.000 sec [scan/2/rel 0 (0,20)] [performer_core]
[Mon Mar 22 22:05:09.916 2010] 0.000 sec [scan/2/rel 0 (0,20)] [show_core]
[Mon Mar 22 22:05:09.930 2010] 0.000 sec [scan/2/rel 0 (0,20)] [performer_core]
[Mon Mar 22 22:05:09.939 2010] 0.000 sec [scan/2/rel 0 (0,20)] [show_core]
[Mon Mar 22 22:05:09.948 2010] 0.000 sec [scan/2/rel 0 (0,20)] [show_core]
[Mon Mar 22 22:05:09.956 2010] 0.000 sec [scan/2/rel 0 (0,20)] [show_core]
[Mon Mar 22 22:05:10.095 2010] 0.000 sec [scan/2/rel 0 (0,20)] [performer_core]
[Mon Mar 22 22:05:10.105 2010] 0.000 sec [scan/2/rel 0 (0,20)] [show_core]
[Mon Mar 22 22:05:10.113 2010] 0.000 sec [scan/2/rel 0 (0,20)] [show_core]
[Mon Mar 22 22:05:10.127 2010] 0.000 sec [scan/2/rel 0 (0,20)] [performer_core]
[Mon Mar 22 22:05:10.140 2010] 0.000 sec [scan/2/rel 0 (0,20)] [show_core]
[Mon Mar 22 22:11:29.903 2010] 0.000 sec [scan/2/attr+ 0 (0,20)] [show_core]
[Mon Mar 22 22:27:28.703 2010] 0.000 sec [scan/2/rel 0 (0,20)] [show_core]
